<?xml version="1.0" encoding="UTF-8"?>
<!-- Generated by org.testng.reporters.JUnitXMLReporter -->
<testsuite hostname="DESKTOP-RV8IOMF" ignored="1" name="Command line test" tests="3" failures="2" timestamp="2021-10-13T16:58:17 IST" time="10803.735" errors="0">
  <testcase name="@BeforeClass beforeClass" time="10803.497" classname="testscript.LoginTest">
    <failure type="java.lang.NullPointerException">
      <![CDATA[java.lang.NullPointerException
at Reusablecomponent.SeleniumCommon.openWebSite(SeleniumCommon.java:95)
at testscript.LoginTest.beforeClass(LoginTest.java:23)
at java.util.ArrayList.forEach(ArrayList.java:1257)
... Removed 35 stack frames]]>
    </failure>
  </testcase> <!-- @BeforeClass beforeClass -->
  <testcase name="Testcase2_Translate" time="0.048" classname="testscript.Drive_Test">
    <failure type="java.lang.NullPointerException">
      <![CDATA[java.lang.NullPointerException
at webpages.Drive.translate(Drive.java:51)
at testscript.Drive_Test.Testcase2_Translate(Drive_Test.java:18)
at java.util.ArrayList.forEach(ArrayList.java:1257)
... Removed 37 stack frames]]>
    </failure>
  </testcase> <!-- Testcase2_Translate -->
  <testcase name="Testcase1_SubmitForm" time="0.001" classname="testscript.FormTest">
    <failure type="java.lang.NullPointerException">
      <![CDATA[java.lang.NullPointerException
at webpages.Form.submitform(Form.java:12)
at testscript.FormTest.Testcase1_SubmitForm(FormTest.java:13)
at java.util.ArrayList.forEach(ArrayList.java:1257)
... Removed 37 stack frames]]>
    </failure>
  </testcase> <!-- Testcase1_SubmitForm -->
  <testcase name="Login_Testcase1" time="0.0" classname="testscript.LoginTest">
    <skipped/>
  </testcase> <!-- Login_Testcase1 -->
  <testcase name="Testcase1_uploadfile" time="0.0" classname="testscript.Drive_Test">
    <ignored/>
  </testcase> <!-- Testcase1_uploadfile -->
</testsuite> <!-- Command line test -->
